<?xml version="1.0" encoding="UTF-8"?>
<!-- Generated by org.testng.reporters.JUnitXMLReporter -->
<testsuite ignored="1" hostname="Aparna" failures="0" tests="1" name="Default test" time="21.348" errors="0" timestamp="2024-04-18T13:27:32 IST">
  <testcase classname="product_module_Generic_testng.Product101Test" name="creatingProduct" time="15.533"/>
  <testcase classname="product_module_Generic_testng.Product101Test" name="deletingProduct" time="0.0">
    <ignored/>
  </testcase> <!-- deletingProduct -->
</testsuite> <!-- Default test -->
