<?xml version="1.0" encoding="UTF-8"?>
<!-- Generated by org.testng.reporters.JUnitXMLReporter -->
<testsuite ignored="2" hostname="Aparna" failures="0" tests="5" name="Test2" time="6.698" errors="0" timestamp="2024-04-10T18:19:21 IST">
  <testcase classname="product_module_Generic_testng.Product101" name="creatingProduct" time="0.0">
    <skipped/>
  </testcase> <!-- creatingProduct -->
  <testcase classname="product_module_Generic_testng.Product101" name="deletingProduct" time="0.0">
    <skipped/>
  </testcase> <!-- deletingProduct -->
  <testcase classname="product_module_Generic_testng.Product102" name="DublicatingProduct" time="0.0">
    <skipped/>
  </testcase> <!-- DublicatingProduct -->
  <testcase classname="product_module_Generic_testng.Product102" name="EditingProduct" time="0.0">
    <skipped/>
  </testcase> <!-- EditingProduct -->
  <testcase classname="product_module_Generic_testng.Product102" name="SearchingTheCreatedProduct" time="0.0">
    <skipped/>
  </testcase> <!-- SearchingTheCreatedProduct -->
  <testcase classname="com.crm.CAH.generic_Utility.BaseClass" name="@BeforeSuite connectToDB" time="0.0">
    <ignored/>
  </testcase> <!-- @BeforeSuite connectToDB -->
  <testcase classname="com.crm.CAH.generic_Utility.BaseClass" name="@AfterSuite closeDB" time="0.0">
    <ignored/>
  </testcase> <!-- @AfterSuite closeDB -->
</testsuite> <!-- Test2 -->
