<?xml version="1.0" encoding="UTF-8"?>
<testng-results ignored="1" total="2" passed="1" failed="0" skipped="0">
  <reporter-output>
    <line>
      <![CDATA[--connect to Database--]]>
    </line>
    <line>
      <![CDATA[--Launched chrome browser--]]>
    </line>
    <line>
      <![CDATA[--logged into application--]]>
    </line>
    <line>
      <![CDATA[--logout from application--]]>
    </line>
    <line>
      <![CDATA[--closing the browser--]]>
    </line>
    <line>
      <![CDATA[--close Database--]]>
    </line>
  </reporter-output>
  <suite started-at="2024-04-18T13:27:10 IST" name="Default suite" finished-at="2024-04-18T13:27:32 IST" duration-ms="21348">
    <groups>
    </groups>
    <test started-at="2024-04-18T13:27:10 IST" name="Default test" finished-at="2024-04-18T13:27:32 IST" duration-ms="21348">
      <class name="product_module_Generic_testng.Product101Test">
        <test-method is-config="true" signature="connectToDB()[pri:0, instance:product_module_Generic_testng.Product101Test@46cdf8bd]" started-at="2024-04-18T13:27:10 IST" name="connectToDB" finished-at="2024-04-18T13:27:10 IST" duration-ms="297" status="PASS">
          <reporter-output>
            <line>
              <![CDATA[--connect to Database--]]>
            </line>
          </reporter-output>
        </test-method> <!-- connectToDB -->
        <test-method is-config="true" signature="lauchTheBrowser()[pri:0, instance:product_module_Generic_testng.Product101Test@46cdf8bd]" started-at="2024-04-18T13:27:10 IST" name="lauchTheBrowser" finished-at="2024-04-18T13:27:13 IST" duration-ms="2221" status="PASS">
          <reporter-output>
            <line>
              <![CDATA[--Launched chrome browser--]]>
            </line>
          </reporter-output>
        </test-method> <!-- lauchTheBrowser -->
        <test-method is-config="true" signature="loginToApp()[pri:0, instance:product_module_Generic_testng.Product101Test@46cdf8bd]" started-at="2024-04-18T13:27:13 IST" name="loginToApp" finished-at="2024-04-18T13:27:15 IST" duration-ms="2199" status="PASS">
          <reporter-output>
            <line>
              <![CDATA[--logged into application--]]>
            </line>
          </reporter-output>
        </test-method> <!-- loginToApp -->
        <test-method signature="creatingProduct()[pri:0, instance:product_module_Generic_testng.Product101Test@46cdf8bd]" started-at="2024-04-18T13:27:15 IST" name="creatingProduct" finished-at="2024-04-18T13:27:30 IST" duration-ms="15533" status="PASS">
          <reporter-output>
          </reporter-output>
        </test-method> <!-- creatingProduct -->
        <test-method is-config="true" signature="logoutFromApplication()[pri:0, instance:product_module_Generic_testng.Product101Test@46cdf8bd]" started-at="2024-04-18T13:27:30 IST" name="logoutFromApplication" finished-at="2024-04-18T13:27:31 IST" duration-ms="998" status="PASS">
          <reporter-output>
            <line>
              <![CDATA[--logout from application--]]>
            </line>
          </reporter-output>
        </test-method> <!-- logoutFromApplication -->
        <test-method is-config="true" signature="closeTheBrowser()[pri:0, instance:product_module_Generic_testng.Product101Test@46cdf8bd]" started-at="2024-04-18T13:27:31 IST" name="closeTheBrowser" finished-at="2024-04-18T13:27:32 IST" duration-ms="331" status="PASS">
          <reporter-output>
            <line>
              <![CDATA[--closing the browser--]]>
            </line>
          </reporter-output>
        </test-method> <!-- closeTheBrowser -->
        <test-method is-config="true" signature="closeDB()[pri:0, instance:product_module_Generic_testng.Product101Test@46cdf8bd]" started-at="2024-04-18T13:27:32 IST" name="closeDB" finished-at="2024-04-18T13:27:32 IST" duration-ms="16" status="PASS">
          <reporter-output>
            <line>
              <![CDATA[--close Database--]]>
            </line>
          </reporter-output>
        </test-method> <!-- closeDB -->
      </class> <!-- product_module_Generic_testng.Product101Test -->
    </test> <!-- Default test -->
  </suite> <!-- Default suite -->
</testng-results>
